<?xml version="1.0" encoding="UTF-8"?>
<!-- Generated by org.testng.reporters.JUnitReportReporter -->
<testsuite hostname="Elixir" failures="0" tests="1" name="base.BaseClass" time="20.762" errors="0" timestamp="20 May 2022 04:26:37 GMT" skipped="0">
  <testcase classname="base.BaseClass" name="setUp" time="20.762"/>
</testsuite> <!-- base.BaseClass -->
