<?xml version="1.0" encoding="UTF-8"?>
<!-- Generated by org.testng.reporters.JUnitReportReporter -->
<testsuite hostname="Elixir" failures="0" tests="1" name="testPackage.QuotationTest" time="30.933" errors="0" timestamp="2022-05-26T22:40:10 EDT" skipped="0">
  <testcase classname="testPackage.QuotationTest" name="autoQuoteTest" time="30.933"/>
  <system-out/>
</testsuite> <!-- testPackage.QuotationTest -->
